<?xml version="1.0" encoding="UTF-8"?>
<testsuite name="ru.selenium.training.OpenLink" tests="1" skipped="0" failures="0" errors="0" timestamp="2020-09-10T12:12:23" hostname="vrnnb-prc394" time="48.229">
  <properties/>
  <testcase name="OpenLinkInBrowser" classname="ru.selenium.training.OpenLink" time="48.229"/>
  <system-out><![CDATA[]]></system-out>
  <system-err><![CDATA[Starting ChromeDriver 85.0.4183.83 (94abc2237ae0c9a4cb5f035431c8adfb94324633-refs/branch-heads/4183@{#1658}) on port 17210
Only local connections are allowed.
Please see https://chromedriver.chromium.org/security-considerations for suggestions on keeping ChromeDriver safe.
ChromeDriver was started successfully.
Sep 10, 2020 3:12:35 PM org.openqa.selenium.remote.ProtocolHandshake createSession
INFO: Detected dialect: W3C
]]></system-err>
</testsuite>
